<?xml version="1.0" encoding="UTF-8"?>
<!-- Generated by org.testng.reporters.JUnitXMLReporter -->
<testsuite ignored="0" hostname="Xuyens-MacBook-Air.local" failures="0" tests="6" name="Default test" time="14.808" errors="0" timestamp="29 Dec 2023 13:41:11 GMT">
  <testcase classname="com.nopcommerce.user.Level_03_Page_Object" name="TC_01_Register_Empty_Data" time="1.684"/>
  <testcase classname="com.nopcommerce.user.Level_03_Page_Object" name="TC_02_Register_Invalid_Email" time="1.104"/>
  <testcase classname="com.nopcommerce.user.Level_03_Page_Object" name="TC_03_Register_Success" time="1.421"/>
  <testcase classname="com.nopcommerce.user.Level_03_Page_Object" name="TC_04_Register_Existing_Email" time="1.299"/>
  <testcase classname="com.nopcommerce.user.Level_03_Page_Object" name="TC_05_Register_Password_Less_Than_6_Chars" time="0.929"/>
  <testcase classname="com.nopcommerce.user.Level_03_Page_Object" name="TC_06_Register_Invalid_Confirm_Password" time="1.728"/>
</testsuite> <!-- Default test -->
