<?xml version="1.0" encoding="UTF-8"?>
<testng-results ignored="0" total="3" passed="3" failed="0" skipped="0">
  <reporter-output>
  </reporter-output>
  <suite started-at="2024-02-25T08:36:04Z" name="NopCommerce" finished-at="2024-02-25T08:36:19Z" duration-ms="15444">
    <groups>
    </groups>
    <test started-at="2024-02-25T08:36:04Z" name="Run on Firefox" finished-at="2024-02-25T08:36:19Z" duration-ms="15444">
      <class name="com.nopcommerce.user.Level_09_Dynamic_Locator">
        <test-method is-config="true" signature="beforeClass(java.lang.String)[pri:0, instance:com.nopcommerce.user.Level_09_Dynamic_Locator@61322f9d]" started-at="2024-02-25T08:36:04Z" name="beforeClass" finished-at="2024-02-25T08:36:09Z" duration-ms="4946" status="PASS">
          <params>
            <param index="0">
              <value>
                <![CDATA[firefox]]>
              </value>
            </param>
          </params>
          <reporter-output>
          </reporter-output>
        </test-method> <!-- beforeClass -->
        <test-method signature="User_01_Register_Login()[pri:0, instance:com.nopcommerce.user.Level_09_Dynamic_Locator@61322f9d]" started-at="2024-02-25T08:36:09Z" name="User_01_Register_Login" finished-at="2024-02-25T08:36:13Z" duration-ms="4672" status="PASS">
          <reporter-output>
          </reporter-output>
        </test-method> <!-- User_01_Register_Login -->
        <test-method signature="User_02_Dynamic_page()[pri:0, instance:com.nopcommerce.user.Level_09_Dynamic_Locator@61322f9d]" started-at="2024-02-25T08:36:13Z" name="User_02_Dynamic_page" finished-at="2024-02-25T08:36:16Z" duration-ms="3037" status="PASS">
          <reporter-output>
          </reporter-output>
        </test-method> <!-- User_02_Dynamic_page -->
        <test-method signature="User_03_Dynamic_page_01()[pri:0, instance:com.nopcommerce.user.Level_09_Dynamic_Locator@61322f9d]" started-at="2024-02-25T08:36:17Z" name="User_03_Dynamic_page_01" finished-at="2024-02-25T08:36:19Z" duration-ms="2142" status="PASS">
          <reporter-output>
          </reporter-output>
        </test-method> <!-- User_03_Dynamic_page_01 -->
        <test-method is-config="true" signature="afterClass()[pri:0, instance:com.nopcommerce.user.Level_09_Dynamic_Locator@61322f9d]" started-at="2024-02-25T08:36:19Z" name="afterClass" finished-at="2024-02-25T08:36:19Z" duration-ms="621" status="PASS">
          <reporter-output>
          </reporter-output>
        </test-method> <!-- afterClass -->
      </class> <!-- com.nopcommerce.user.Level_09_Dynamic_Locator -->
    </test> <!-- Run on Firefox -->
  </suite> <!-- NopCommerce -->
</testng-results>
