<?xml version="1.0" encoding="UTF-8"?>
<testng-results ignored="0" total="5" passed="5" failed="0" skipped="0">
  <reporter-output>
  </reporter-output>
  <suite started-at="2024-02-19T07:47:18Z" name="NopCommerce" finished-at="2024-02-19T07:47:28Z" duration-ms="9716">
    <groups>
    </groups>
    <test started-at="2024-02-19T07:47:18Z" name="Run on Firefox" finished-at="2024-02-19T07:47:28Z" duration-ms="9716">
      <class name="com.nopcommerce.user.Level_07_Switch_Page">
        <test-method is-config="true" signature="beforeClass(java.lang.String)[pri:0, instance:com.nopcommerce.user.Level_07_Switch_Page@5b94b04d]" started-at="2024-02-19T07:47:18Z" name="beforeClass" finished-at="2024-02-19T07:47:21Z" duration-ms="2758" status="PASS">
          <params>
            <param index="0">
              <value>
                <![CDATA[firefox]]>
              </value>
            </param>
          </params>
          <reporter-output>
          </reporter-output>
        </test-method> <!-- beforeClass -->
        <test-method signature="User_01_Register()[pri:0, instance:com.nopcommerce.user.Level_07_Switch_Page@5b94b04d]" started-at="2024-02-19T07:47:21Z" name="User_01_Register" finished-at="2024-02-19T07:47:23Z" duration-ms="2081" status="PASS">
          <reporter-output>
          </reporter-output>
        </test-method> <!-- User_01_Register -->
        <test-method signature="User_02_Login()[pri:0, instance:com.nopcommerce.user.Level_07_Switch_Page@5b94b04d]" started-at="2024-02-19T07:47:23Z" name="User_02_Login" finished-at="2024-02-19T07:47:24Z" duration-ms="1118" status="PASS">
          <reporter-output>
          </reporter-output>
        </test-method> <!-- User_02_Login -->
        <test-method signature="User_03_Customer_Infor()[pri:0, instance:com.nopcommerce.user.Level_07_Switch_Page@5b94b04d]" started-at="2024-02-19T07:47:24Z" name="User_03_Customer_Infor" finished-at="2024-02-19T07:47:24Z" duration-ms="419" status="PASS">
          <reporter-output>
          </reporter-output>
        </test-method> <!-- User_03_Customer_Infor -->
        <test-method signature="User_04_Switch_page()[pri:0, instance:com.nopcommerce.user.Level_07_Switch_Page@5b94b04d]" started-at="2024-02-19T07:47:24Z" name="User_04_Switch_page" finished-at="2024-02-19T07:47:27Z" duration-ms="2713" status="PASS">
          <reporter-output>
          </reporter-output>
        </test-method> <!-- User_04_Switch_page -->
        <test-method signature="User_05_Switch_Role()[pri:0, instance:com.nopcommerce.user.Level_07_Switch_Page@5b94b04d]" started-at="2024-02-19T07:47:27Z" name="User_05_Switch_Role" finished-at="2024-02-19T07:47:27Z" duration-ms="0" status="PASS">
          <reporter-output>
          </reporter-output>
        </test-method> <!-- User_05_Switch_Role -->
        <test-method is-config="true" signature="afterClass()[pri:0, instance:com.nopcommerce.user.Level_07_Switch_Page@5b94b04d]" started-at="2024-02-19T07:47:27Z" name="afterClass" finished-at="2024-02-19T07:47:28Z" duration-ms="618" status="PASS">
          <reporter-output>
          </reporter-output>
        </test-method> <!-- afterClass -->
      </class> <!-- com.nopcommerce.user.Level_07_Switch_Page -->
    </test> <!-- Run on Firefox -->
  </suite> <!-- NopCommerce -->
</testng-results>
